<?xml version="1.0" encoding="UTF-8"?>
<testng-results skipped="0" failed="0" ignored="0" total="1" passed="1">
  <reporter-output>
  </reporter-output>
  <suite name="Default suite" duration-ms="63245" started-at="2018-05-04T22:40:40Z" finished-at="2018-05-04T22:41:43Z">
    <groups>
    </groups>
    <test name="Default test" duration-ms="63245" started-at="2018-05-04T22:40:40Z" finished-at="2018-05-04T22:41:43Z">
      <class name="MembersipDetailsVerify.Membership">
        <test-method status="PASS" signature="setUp()[pri:0, instance:MembersipDetailsVerify.Membership@42f93a98]" name="setUp" is-config="true" duration-ms="20" started-at="2018-05-04T22:40:40Z" finished-at="2018-05-04T22:40:40Z">
          <reporter-output>
          </reporter-output>
        </test-method> <!-- setUp -->
        <test-method status="PASS" signature="testChrome()[pri:0, instance:MembersipDetailsVerify.Membership@42f93a98]" name="testChrome" duration-ms="63186" started-at="2018-05-04T22:40:40Z" finished-at="2018-05-04T22:41:43Z">
          <reporter-output>
          </reporter-output>
        </test-method> <!-- testChrome -->
      </class> <!-- MembersipDetailsVerify.Membership -->
    </test> <!-- Default test -->
  </suite> <!-- Default suite -->
</testng-results>
